<?xml version="1.0" encoding="UTF-8"?>
<!-- Generated by org.testng.reporters.JUnitReportReporter -->
<testsuite hostname="LAPTOP-T5C0I2QV" failures="0" tests="1" name="Base.FirstPractis" time="10.500" errors="0" timestamp="2020-10-15T19:02:06 EDT" skipped="0">
  <testcase classname="Base.FirstPractis" name="Practis" time="10.500"/>
</testsuite> <!-- Base.FirstPractis -->
